-------------------------------------------------------------------------------
Test set: TestSuite
-------------------------------------------------------------------------------
Tests run: 1, Failures: 1, Errors: 0, Skipped: 0, Time elapsed: 6.962 sec <<< FAILURE! - in TestSuite
ProductTest(pomdesign.WebOrderTest)  Time elapsed: 0.878 sec  <<< FAILURE!
java.lang.AssertionError: lists don't have the same size expected [2] but found [3]
	at pomdesign.WebOrderTest.ProductTest(WebOrderTest.java:91)

